<?xml version="1.0" encoding="UTF-8"?>
<testng-results skipped="0" failed="0" total="1" passed="1">
  <reporter-output>
    <line>
      <![CDATA[<r>Login with user name uuseriat and password Jupiter20#]]>
    </line>
    <line>
      <![CDATA[<r>verify user login succesfully]]>
    </line>
    <line>
      <![CDATA[<r>Click on Hamburger Menu]]>
    </line>
    <line>
      <![CDATA[<r>Click on Configuration Menu]]>
    </line>
    <line>
      <![CDATA[<r>Click on Branches]]>
    </line>
    <line>
      <![CDATA[<r>verify branch page]]>
    </line>
    <line>
      <![CDATA[<r>Click on NewBranch Button]]>
    </line>
    <line>
      <![CDATA[<r>enter new branch details]]>
    </line>
    <line>
      <![CDATA[<r>click on create button]]>
    </line>
    <line>
      <![CDATA[<r>verify newly created branch]]>
    </line>
  </reporter-output>
  <suite name="Default suite" duration-ms="31819" started-at="2017-06-19T09:23:19Z" finished-at="2017-06-19T09:23:51Z">
    <groups>
    </groups>
    <test name="Default test" duration-ms="31819" started-at="2017-06-19T09:23:19Z" finished-at="2017-06-19T09:23:51Z">
      <class name="BranchManagement.EditBranchWithAllDetails">
        <test-method status="PASS" signature="setUp()[pri:0, instance:BranchManagement.EditBranchWithAllDetails@9660f4e]" name="setUp" is-config="true" duration-ms="8842" started-at="2017-06-19T10:23:19Z" finished-at="2017-06-19T10:23:28Z">
          <reporter-output>
          </reporter-output>
        </test-method> <!-- setUp -->
        <test-method status="PASS" signature="initiData()[pri:0, instance:BranchManagement.EditBranchWithAllDetails@9660f4e]" name="initiData" is-config="true" duration-ms="13" started-at="2017-06-19T10:23:28Z" finished-at="2017-06-19T10:23:28Z">
          <reporter-output>
          </reporter-output>
        </test-method> <!-- initiData -->
        <test-method status="PASS" signature="editBranchWithAllDetails()[pri:0, instance:BranchManagement.EditBranchWithAllDetails@9660f4e]" name="editBranchWithAllDetails" duration-ms="22953" started-at="2017-06-19T10:23:28Z" description="create new branch with all fields" finished-at="2017-06-19T10:23:51Z">
          <reporter-output>
            <line>
              <![CDATA[<r>Login with user name uuseriat and password Jupiter20#]]>
            </line>
            <line>
              <![CDATA[<r>verify user login succesfully]]>
            </line>
            <line>
              <![CDATA[<r>Click on Hamburger Menu]]>
            </line>
            <line>
              <![CDATA[<r>Click on Configuration Menu]]>
            </line>
            <line>
              <![CDATA[<r>Click on Branches]]>
            </line>
            <line>
              <![CDATA[<r>verify branch page]]>
            </line>
            <line>
              <![CDATA[<r>Click on NewBranch Button]]>
            </line>
            <line>
              <![CDATA[<r>enter new branch details]]>
            </line>
            <line>
              <![CDATA[<r>click on create button]]>
            </line>
            <line>
              <![CDATA[<r>verify newly created branch]]>
            </line>
          </reporter-output>
        </test-method> <!-- editBranchWithAllDetails -->
        <test-method status="PASS" signature="afterMainMethod()[pri:0, instance:BranchManagement.EditBranchWithAllDetails@9660f4e]" name="afterMainMethod" is-config="true" duration-ms="1" started-at="2017-06-19T10:23:51Z" finished-at="2017-06-19T10:23:51Z">
          <reporter-output>
          </reporter-output>
        </test-method> <!-- afterMainMethod -->
        <test-method status="PASS" signature="tearDownSuite()[pri:0, instance:BranchManagement.EditBranchWithAllDetails@9660f4e]" name="tearDownSuite" is-config="true" duration-ms="0" started-at="2017-06-19T10:23:51Z" finished-at="2017-06-19T10:23:51Z">
          <reporter-output>
          </reporter-output>
        </test-method> <!-- tearDownSuite -->
      </class> <!-- BranchManagement.EditBranchWithAllDetails -->
    </test> <!-- Default test -->
  </suite> <!-- Default suite -->
</testng-results>
